\BOOKMARK [1][-]{section.1}{\376\377\137\025\212\000}{}% 1
\BOOKMARK [1][-]{section.2}{\376\377\145\160\143\156\203\267\123\326\116\016\230\204\131\004\164\006}{}% 2
\BOOKMARK [2][-]{subsection.2.1}{\376\377\162\054\206\153\116\016\204\075\166\330\155\101\172\013}{section.2}% 3
\BOOKMARK [2][-]{subsection.2.2}{\376\377\145\160\143\156\133\127\153\265\116\016\133\214\145\164\140\047}{section.2}% 4
\BOOKMARK [2][-]{subsection.2.3}{\376\377\145\207\147\054\230\204\131\004\164\006}{section.2}% 5
\BOOKMARK [1][-]{section.3}{\376\377\150\070\137\303\173\227\154\325}{}% 6
\BOOKMARK [2][-]{subsection.3.1}{\376\377\000T\000F\000-\000I\000D\000F\000\040\116\016\117\131\137\046\166\370\117\074\136\246}{section.3}% 7
\BOOKMARK [2][-]{subsection.3.2}{\376\377\000B\000M\0002\0005}{section.3}% 8
\BOOKMARK [2][-]{subsection.3.3}{\376\377\155\367\124\010\207\215\124\010\116\016\122\250\140\001\147\103\221\315}{section.3}% 9
\BOOKMARK [2][-]{subsection.3.4}{\376\377\124\016\177\156\000\040\000b\000o\000o\000s\000t\000\040\211\304\122\031}{section.3}% 10
\BOOKMARK [2][-]{subsection.3.5}{\376\377\120\022\143\222\175\042\137\025\176\323\147\204}{section.3}% 11
\BOOKMARK [2][-]{subsection.3.6}{\376\377\150\300\175\042\155\101\172\013\117\052\116\343\170\001}{section.3}% 12
\BOOKMARK [1][-]{section.4}{\376\377\133\236\232\214\213\276\213\241\116\016\217\307\172\013}{}% 13
\BOOKMARK [2][-]{subsection.4.1}{\376\377\133\236\232\214\163\257\130\203}{section.4}% 14
\BOOKMARK [2][-]{subsection.4.2}{\376\377\213\304\155\113\226\306\116\016\143\007\150\007}{section.4}% 15
\BOOKMARK [2][-]{subsection.4.3}{\376\377\217\320\210\114\124\175\116\344}{section.4}% 16
\BOOKMARK [1][-]{section.5}{\376\377\133\236\232\214\176\323\147\234\116\016\133\371\153\324\122\006\147\220}{}% 17
\BOOKMARK [2][-]{subsection.5.1}{\376\377\116\011\171\315\150\300\175\042\152\041\137\017\133\371\153\324}{section.5}% 18
\BOOKMARK [2][-]{subsection.5.2}{\376\377\000B\000M\0002\0005\000\040\147\103\221\315\142\153\143\317}{section.5}% 19
\BOOKMARK [2][-]{subsection.5.3}{\376\377\116\055\145\207\060\001\202\361\145\207\116\016\000\040\000m\000i\000x\000e\000d\000\040\147\345\213\342\135\356\137\002}{section.5}% 20
\BOOKMARK [2][-]{subsection.5.4}{\376\377\131\061\215\045\150\110\117\213}{section.5}% 21
\BOOKMARK [1][-]{section.6}{\376\377\140\073\176\323\116\016\134\125\147\033}{}% 22
