\BOOKMARK [1][-]{section.1}{\376\377\137\025\212\000}{}% 1
\BOOKMARK [1][-]{section.2}{\376\377\145\160\143\156\203\267\123\326\116\016\230\204\131\004\164\006}{}% 2
\BOOKMARK [2][-]{subsection.2.1}{\376\377\142\223\123\326\116\016\000\040\000c\000h\000e\000c\000k\000p\000o\000i\000n\000t\000\040\155\101\172\013}{section.2}% 3
\BOOKMARK [2][-]{subsection.2.2}{\376\377\133\127\153\265\116\016\145\207\147\054\147\145\156\220}{section.2}% 4
\BOOKMARK [2][-]{subsection.2.3}{\376\377\230\204\131\004\164\006\377\032\145\207\147\054\123\005\116\016\213\355\212\000\120\117\177\156}{section.2}% 5
\BOOKMARK [1][-]{section.3}{\376\377\150\070\137\303\173\227\154\325}{}% 6
\BOOKMARK [2][-]{subsection.3.1}{\376\377\116\011\226\066\153\265\176\323\147\204}{section.3}% 7
\BOOKMARK [2][-]{subsection.3.2}{\376\377\000b\000a\000s\000e\000l\000i\000n\000e\377\032\174\276\170\156\121\163\225\056\133\127\116\016\000\040\000m\000e\000t\000r\000i\000c\000s\000\040\153\143\122\031}{section.3}% 8
\BOOKMARK [2][-]{subsection.3.3}{\376\377\000e\000n\000h\000a\000n\000c\000e\000d\000-\000r\000e\000g\000e\000x\377\032\000a\000l\000i\000a\000s\000\040\142\151\134\125\116\016\123\327\143\247\213\315\210\150\137\122\116\000\123\026}{section.3}% 9
\BOOKMARK [2][-]{subsection.3.4}{\376\377\000G\000L\000i\000N\000E\000R\000\040\226\306\142\020\116\016\226\010\120\074\225\350\143\247}{section.3}% 10
\BOOKMARK [2][-]{subsection.3.5}{\376\377\130\236\137\072\162\110\142\275\123\326\155\101\172\013\117\052\116\343\170\001}{section.3}% 11
\BOOKMARK [1][-]{section.4}{\376\377\133\236\232\214\213\276\213\241\116\016\217\307\172\013}{}% 12
\BOOKMARK [2][-]{subsection.4.1}{\376\377\133\236\232\214\163\257\130\203}{section.4}% 13
\BOOKMARK [2][-]{subsection.4.2}{\376\377\150\007\154\350\226\306\116\016\213\304\155\113\122\236\154\325}{section.4}% 14
\BOOKMARK [2][-]{subsection.4.3}{\376\377\217\320\210\114\124\175\116\344}{section.4}% 15
\BOOKMARK [1][-]{section.5}{\376\377\133\236\232\214\176\323\147\234\116\016\133\371\153\324\122\006\147\220}{}% 16
\BOOKMARK [2][-]{subsection.5.1}{\376\377\116\011\226\066\153\265\140\073\210\150}{section.5}% 17
\BOOKMARK [2][-]{subsection.5.2}{\376\377\122\006\133\127\153\265\000\040\000F\0001\000\040\133\371\153\324}{section.5}% 18
\BOOKMARK [2][-]{subsection.5.3}{\376\377\121\150\221\317\000\040\0001\0000\0000\0000\000\040\147\141\211\206\166\326\163\207}{section.5}% 19
\BOOKMARK [2][-]{subsection.5.4}{\376\377\213\357\135\356\122\006\147\220}{section.5}% 20
\BOOKMARK [1][-]{section.6}{\376\377\140\073\176\323\116\016\134\125\147\033}{}% 21
